Added Pin To Net: NetName=NetU1_23 Pin=U3-23
Added Pin To Net: NetName=NetU1_22 Pin=U3-24
Added Pin To Net: NetName=NetJ1_2 Pin=J1-2
Added Pin To Net: NetName=NetJ1_2 Pin=U1-39
Added Pin To Net: NetName=NetJ1_2 Pin=U3-11
Added Pin To Net: NetName=NetJ1_2 Pin=U4-2
Added Pin To Net: NetName=NetJ1_2 Pin=U8-17
Added Net: Name=NetJ1_2
Added Pin To Net: NetName=NetJ1_3 Pin=J1-3
Added Pin To Net: NetName=NetJ1_3 Pin=U1-38
Added Pin To Net: NetName=NetJ1_3 Pin=U3-12
Added Pin To Net: NetName=NetJ1_3 Pin=U4-3
Added Pin To Net: NetName=NetJ1_3 Pin=U8-16
Added Net: Name=NetJ1_3
Added Pin To Net: NetName=NetJ1_4 Pin=J1-4
Added Pin To Net: NetName=NetJ1_4 Pin=U1-37
Added Pin To Net: NetName=NetJ1_4 Pin=U3-13
Added Pin To Net: NetName=NetJ1_4 Pin=U4-4
Added Pin To Net: NetName=NetJ1_4 Pin=U8-15
Added Net: Name=NetJ1_4
Added Pin To Net: NetName=NetJ1_5 Pin=J1-5
Added Pin To Net: NetName=NetJ1_5 Pin=U1-36
Added Pin To Net: NetName=NetJ1_5 Pin=U3-15
Added Pin To Net: NetName=NetJ1_5 Pin=U4-5
Added Pin To Net: NetName=NetJ1_5 Pin=U8-14
Added Net: Name=NetJ1_5
Added Pin To Net: NetName=NetJ1_6 Pin=J1-6
Added Pin To Net: NetName=NetJ1_6 Pin=U1-35
Added Pin To Net: NetName=NetJ1_6 Pin=U3-16
Added Pin To Net: NetName=NetJ1_6 Pin=U4-6
Added Pin To Net: NetName=NetJ1_6 Pin=U8-13
Added Net: Name=NetJ1_6
Added Pin To Net: NetName=NetJ1_7 Pin=J1-7
Added Pin To Net: NetName=NetJ1_7 Pin=U1-34
Added Pin To Net: NetName=NetJ1_7 Pin=U3-17
Added Pin To Net: NetName=NetJ1_7 Pin=U4-7
Added Pin To Net: NetName=NetJ1_7 Pin=U8-12
Added Net: Name=NetJ1_7
Added Pin To Net: NetName=NetJ1_8 Pin=J1-8
Added Pin To Net: NetName=NetJ1_8 Pin=U1-33
Added Pin To Net: NetName=NetJ1_8 Pin=U3-18
Added Pin To Net: NetName=NetJ1_8 Pin=U4-8
Added Pin To Net: NetName=NetJ1_8 Pin=U8-11
Added Net: Name=NetJ1_8
Added Pin To Net: NetName=NetJ1_9 Pin=J1-9
Added Pin To Net: NetName=NetJ1_9 Pin=U1-32
Added Pin To Net: NetName=NetJ1_9 Pin=U3-19
Added Pin To Net: NetName=NetJ1_9 Pin=U4-9
Added Pin To Net: NetName=NetJ1_9 Pin=U8-9
Added Net: Name=NetJ1_9
Added Pin To Net: NetName=NetU1_21 Pin=U1-21
Added Pin To Net: NetName=NetU1_21 Pin=U3-25
Added Net: Name=NetU1_21
Added Pin To Net: NetName=NetU3_3 Pin=U3-3
Added Pin To Net: NetName=NetU3_3 Pin=U4-19
Added Net: Name=NetU3_3
Added Pin To Net: NetName=NetU3_4 Pin=U3-4
Added Pin To Net: NetName=NetU3_4 Pin=U4-18
Added Net: Name=NetU3_4
Added Pin To Net: NetName=NetU3_5 Pin=U3-5
Added Pin To Net: NetName=NetU3_5 Pin=U4-17
Added Net: Name=NetU3_5
Added Pin To Net: NetName=NetU3_6 Pin=U3-6
Added Pin To Net: NetName=NetU3_6 Pin=U4-16
Added Net: Name=NetU3_6
Added Pin To Net: NetName=NetU3_7 Pin=U3-7
Added Pin To Net: NetName=NetU3_7 Pin=U4-15
Added Net: Name=NetU3_7
Added Pin To Net: NetName=NetU3_8 Pin=U3-8
Added Pin To Net: NetName=NetU3_8 Pin=U4-14
Added Net: Name=NetU3_8
Added Pin To Net: NetName=NetU3_9 Pin=U3-9
Added Pin To Net: NetName=NetU3_9 Pin=U4-13
Added Net: Name=NetU3_9
Added Pin To Net: NetName=NetU3_10 Pin=U3-10
Added Pin To Net: NetName=NetU3_10 Pin=U4-12
Added Net: Name=NetU3_10
