Added Component: Designator=C1(Capacitor)
Add component. Clean all parameters for all variants
Added Component: Designator=C2(Capacitor)
Add component. Clean all parameters for all variants
Added Component: Designator=C3(Capacitor)
Add component. Clean all parameters for all variants
Added Component: Designator=C4(Capacitor)
Add component. Clean all parameters for all variants
Added Component: Designator=C5(Capacitor)
Add component. Clean all parameters for all variants
Added Component: Designator=C6(Capacitor)
Add component. Clean all parameters for all variants
Added Component: Designator=C7(Capacitor)
Add component. Clean all parameters for all variants
Added Component: Designator=C8(Capacitor)
Add component. Clean all parameters for all variants
Added Component: Designator=C9(Capacitor)
Add component. Clean all parameters for all variants
Added Pin To Net: NetName=NetC1_1 Pin=C1-1
Added Pin To Net: NetName=GND Pin=C1-2
Added Pin To Net: NetName=R\e\s\e\t\ Pin=C2-1
Added Pin To Net: NetName=GND Pin=C2-2
Added Pin To Net: NetName=5V Pin=C3-1
Added Pin To Net: NetName=GND Pin=C3-2
Added Pin To Net: NetName=NetC4_1 Pin=C4-1
Added Pin To Net: NetName=GND Pin=C4-2
Added Pin To Net: NetName=NetC5_1 Pin=C5-1
Added Pin To Net: NetName=GND Pin=C5-2
Added Pin To Net: NetName=NetC6_1 Pin=C6-1
Added Pin To Net: NetName=GND Pin=C6-2
Added Pin To Net: NetName=NetC7_1 Pin=C7-1
Added Pin To Net: NetName=GND Pin=C7-2
Added Pin To Net: NetName=NetC8_1 Pin=C8-1
Added Pin To Net: NetName=GND Pin=C8-2
Added Pin To Net: NetName=NetC9_1 Pin=C9-1
Added Pin To Net: NetName=GND Pin=C9-2
Added Member To Class: ClassName=ByggernBreadbord Member=Component C1 ? ?F
Added Member To Class: ClassName=ByggernBreadbord Member=Component C2 ? ?F
Added Member To Class: ClassName=ByggernBreadbord Member=Component C3 ? ?F
Added Member To Class: ClassName=ByggernBreadbord Member=Component C4 ? ?F
Added Member To Class: ClassName=ByggernBreadbord Member=Component C5 ? ?F
Added Member To Class: ClassName=ByggernBreadbord Member=Component C6 ? ?F
Added Member To Class: ClassName=ByggernBreadbord Member=Component C7 ? ?F
Added Member To Class: ClassName=ByggernBreadbord Member=Component C8 ? ?F
Added Member To Class: ClassName=ByggernBreadbord Member=Component C9 ? ?F
