Change component parameters: Designator = "J2"; Footprint = "Header2"; UniqueID = "\QIOUNDMU"
Change component parameters. Clean all parameters for all variants
Added Pin To Net: NetName=0Vn2 Pin=J4-2
Added Pin To Net: NetName=0Vn2 Pin=OpAmp1-4
Added Pin To Net: NetName=0Vn2 Pin=Q1-3
Added Pin To Net: NetName=0Vn2 Pin=R9-2
Added Pin To Net: NetName=0Vn2 Pin=R10-1
Added Net: Name=0Vn2
Added Pin To Net: NetName=5Vn2 Pin=J4-1
Added Pin To Net: NetName=5Vn2 Pin=J6-1
Added Pin To Net: NetName=5Vn2 Pin=J7-1
Added Pin To Net: NetName=5Vn2 Pin=OpAmp1-8
Added Pin To Net: NetName=5Vn2 Pin=Rel1-5
Added Pin To Net: NetName=5Vn2 Pin=Rel1-5
Added Net: Name=5Vn2
Added Pin To Net: NetName=5V Pin=C3-1
Added Pin To Net: NetName=5V Pin=P1-4
Added Pin To Net: NetName=5V Pin=R1-1
Added Pin To Net: NetName=5V Pin=R7-2
Added Pin To Net: NetName=5V Pin=U1-40
Added Pin To Net: NetName=5V Pin=U2-20
Added Pin To Net: NetName=5V Pin=U3-28
Added Pin To Net: NetName=5V Pin=U4-20
Added Pin To Net: NetName=5V Pin=U5-18
Added Pin To Net: NetName=5V Pin=U6-3
Added Pin To Net: NetName=5V Pin=U7-7
Added Pin To Net: NetName=5V Pin=U8-8
Added Pin To Net: NetName=5V Pin=U8-20
Added Pin To Net: NetName=5V Pin=Vreg1-3
Added Net: Name=5V
Added Pin To Net: NetName=ADC_CS Pin=U2-18
Added Pin To Net: NetName=ADC_CS Pin=U8-2
Added Net: Name=ADC_CS
Added Pin To Net: NetName=CAN_CLK Pin=U1-8
Added Pin To Net: NetName=CAN_CLK Pin=U5-13
Added Net: Name=CAN_CLK
Added Pin To Net: NetName=CAN_CS Pin=U1-5
Added Pin To Net: NetName=CAN_CS Pin=U5-16
Added Net: Name=CAN_CS
Added Pin To Net: NetName=CAN_RX0BF Pin=U1-13
Added Pin To Net: NetName=CAN_RX0BF Pin=U5-11
Added Net: Name=CAN_RX0BF
Added Pin To Net: NetName=CAN_SI Pin=U1-6
Added Pin To Net: NetName=CAN_SI Pin=U5-14
Added Net: Name=CAN_SI
Added Pin To Net: NetName=CAN_SO Pin=U1-7
Added Pin To Net: NetName=CAN_SO Pin=U5-15
Added Net: Name=CAN_SO
Added Pin To Net: NetName=GND Pin=C1-2
Added Pin To Net: NetName=GND Pin=C2-2
Added Pin To Net: NetName=GND Pin=C3-2
Added Pin To Net: NetName=GND Pin=C4-2
Added Pin To Net: NetName=GND Pin=C5-2
Added Pin To Net: NetName=GND Pin=C6-2
Added Pin To Net: NetName=GND Pin=C7-2
Added Pin To Net: NetName=GND Pin=C8-2
Added Pin To Net: NetName=GND Pin=C9-2
Added Pin To Net: NetName=GND Pin=J1-1
Added Pin To Net: NetName=GND Pin=J9-1
Added Pin To Net: NetName=GND Pin=P1-2
Added Pin To Net: NetName=GND Pin=P1-10
Added Pin To Net: NetName=GND Pin=R2-1
Added Pin To Net: NetName=GND Pin=R8-2
Added Pin To Net: NetName=GND Pin=U1-20
Added Pin To Net: NetName=GND Pin=U2-10
Added Pin To Net: NetName=GND Pin=U3-2
Added Pin To Net: NetName=GND Pin=U3-14
Added Pin To Net: NetName=GND Pin=U3-20
Added Pin To Net: NetName=GND Pin=U3-21
Added Pin To Net: NetName=GND Pin=U4-1
Added Pin To Net: NetName=GND Pin=U4-10
Added Pin To Net: NetName=GND Pin=U5-9
Added Pin To Net: NetName=GND Pin=U6-2
Added Pin To Net: NetName=GND Pin=U7-6
Added Pin To Net: NetName=GND Pin=U7-9
Added Pin To Net: NetName=GND Pin=U8-7
Added Pin To Net: NetName=GND Pin=U8-10
Added Pin To Net: NetName=GND Pin=Vreg1-2
Added Net: Name=GND
Added Pin To Net: NetName=JoyButton Pin=J5-5
Added Pin To Net: NetName=JoyButton Pin=R7-1
Added Pin To Net: NetName=JoyButton Pin=U1-1
Added Net: Name=JoyButton
Added Pin To Net: NetName=NetC1_1 Pin=C1-1
Added Pin To Net: NetName=NetC1_1 Pin=J8-1
Added Pin To Net: NetName=NetC1_1 Pin=Vreg1-1
Added Net: Name=NetC1_1
Added Pin To Net: NetName=NetC4_1 Pin=C4-1
Added Pin To Net: NetName=NetC4_1 Pin=U1-18
Added Pin To Net: NetName=NetC4_1 Pin=X1-1
Added Net: Name=NetC4_1
Added Pin To Net: NetName=NetC5_1 Pin=C5-1
Added Pin To Net: NetName=NetC5_1 Pin=U1-19
Added Pin To Net: NetName=NetC5_1 Pin=X1-2
Added Net: Name=NetC5_1
Added Pin To Net: NetName=NetC6_1 Pin=C6-1
Added Pin To Net: NetName=NetC6_1 Pin=R5-2
Added Pin To Net: NetName=NetC6_1 Pin=U8-6
Added Net: Name=NetC6_1
Added Pin To Net: NetName=NetC7_1 Pin=C7-1
Added Pin To Net: NetName=NetC7_1 Pin=R4-2
Added Pin To Net: NetName=NetC7_1 Pin=U8-5
Added Net: Name=NetC7_1
Added Pin To Net: NetName=NetC8_1 Pin=C8-1
Added Pin To Net: NetName=NetC8_1 Pin=U5-7
Added Pin To Net: NetName=NetC8_1 Pin=X2-1
Added Net: Name=NetC8_1
Added Pin To Net: NetName=NetC9_1 Pin=C9-1
Added Pin To Net: NetName=NetC9_1 Pin=U5-8
Added Pin To Net: NetName=NetC9_1 Pin=X2-2
Added Net: Name=NetC9_1
Added Pin To Net: NetName=NetJ1_2 Pin=J1-2
Added Pin To Net: NetName=NetJ1_2 Pin=U1-39
Added Pin To Net: NetName=NetJ1_2 Pin=U3-19
Added Pin To Net: NetName=NetJ1_2 Pin=U4-2
Added Pin To Net: NetName=NetJ1_2 Pin=U8-17
Added Net: Name=NetJ1_2
Added Pin To Net: NetName=NetJ1_3 Pin=J1-3
Added Pin To Net: NetName=NetJ1_3 Pin=U1-38
Added Pin To Net: NetName=NetJ1_3 Pin=U3-18
Added Pin To Net: NetName=NetJ1_3 Pin=U4-3
Added Pin To Net: NetName=NetJ1_3 Pin=U8-16
Added Net: Name=NetJ1_3
Added Pin To Net: NetName=NetJ1_4 Pin=J1-4
Added Pin To Net: NetName=NetJ1_4 Pin=U1-37
Added Pin To Net: NetName=NetJ1_4 Pin=U3-17
Added Pin To Net: NetName=NetJ1_4 Pin=U4-4
Added Pin To Net: NetName=NetJ1_4 Pin=U8-15
Added Net: Name=NetJ1_4
Added Pin To Net: NetName=NetJ1_5 Pin=J1-5
Added Pin To Net: NetName=NetJ1_5 Pin=U1-36
Added Pin To Net: NetName=NetJ1_5 Pin=U3-16
Added Pin To Net: NetName=NetJ1_5 Pin=U4-5
Added Pin To Net: NetName=NetJ1_5 Pin=U8-14
Added Net: Name=NetJ1_5
Added Pin To Net: NetName=NetJ1_6 Pin=J1-6
Added Pin To Net: NetName=NetJ1_6 Pin=U1-35
Added Pin To Net: NetName=NetJ1_6 Pin=U3-15
Added Pin To Net: NetName=NetJ1_6 Pin=U4-6
Added Pin To Net: NetName=NetJ1_6 Pin=U8-13
Added Net: Name=NetJ1_6
Added Pin To Net: NetName=NetJ1_7 Pin=J1-7
Added Pin To Net: NetName=NetJ1_7 Pin=U1-34
Added Pin To Net: NetName=NetJ1_7 Pin=U3-11
Added Pin To Net: NetName=NetJ1_7 Pin=U4-7
Added Pin To Net: NetName=NetJ1_7 Pin=U8-12
Added Net: Name=NetJ1_7
Added Pin To Net: NetName=NetJ1_8 Pin=J1-8
Added Pin To Net: NetName=NetJ1_8 Pin=U1-33
Added Pin To Net: NetName=NetJ1_8 Pin=U3-12
Added Pin To Net: NetName=NetJ1_8 Pin=U4-8
Added Pin To Net: NetName=NetJ1_8 Pin=U8-11
Added Net: Name=NetJ1_8
Added Pin To Net: NetName=NetJ1_9 Pin=J1-9
Added Pin To Net: NetName=NetJ1_9 Pin=U1-32
Added Pin To Net: NetName=NetJ1_9 Pin=U3-13
Added Pin To Net: NetName=NetJ1_9 Pin=U4-9
Added Pin To Net: NetName=NetJ1_9 Pin=U8-9
Added Net: Name=NetJ1_9
Added Pin To Net: NetName=NetJ2_1 Pin=J2-1
Added Pin To Net: NetName=NetJ2_1 Pin=U7-4
Added Net: Name=NetJ2_1
Added Pin To Net: NetName=NetJ2_2 Pin=J2-2
Added Pin To Net: NetName=NetJ2_2 Pin=U7-5
Added Net: Name=NetJ2_2
Added Pin To Net: NetName=NetJ3_1 Pin=J3-1
Added Pin To Net: NetName=NetJ3_1 Pin=J10-1
Added Net: Name=NetJ3_1
Added Pin To Net: NetName=NetJ3_2 Pin=J3-2
Added Pin To Net: NetName=NetJ3_2 Pin=Rel1-3
Added Net: Name=NetJ3_2
Added Pin To Net: NetName=NetJ4_3 Pin=J4-3
Added Pin To Net: NetName=NetJ4_3 Pin=R3-1
Added Net: Name=NetJ4_3
Added Pin To Net: NetName=NetJ4_4 Pin=J4-4
Added Pin To Net: NetName=NetJ4_4 Pin=OpAmp1-6
Added Pin To Net: NetName=NetJ4_4 Pin=OpAmp1-7
Added Net: Name=NetJ4_4
Added Pin To Net: NetName=NetJ5_1 Pin=J5-1
Added Pin To Net: NetName=NetJ5_1 Pin=U8-3
Added Net: Name=NetJ5_1
Added Pin To Net: NetName=NetJ5_2 Pin=J5-2
Added Pin To Net: NetName=NetJ5_2 Pin=U8-4
Added Net: Name=NetJ5_2
Added Pin To Net: NetName=NetJ5_3 Pin=J5-3
Added Pin To Net: NetName=NetJ5_3 Pin=R4-1
Added Net: Name=NetJ5_3
Added Pin To Net: NetName=NetJ5_4 Pin=J5-4
Added Pin To Net: NetName=NetJ5_4 Pin=R5-1
Added Net: Name=NetJ5_4
Added Pin To Net: NetName=NetJ6_2 Pin=J6-2
Added Pin To Net: NetName=NetJ6_2 Pin=OpAmp1-5
Added Pin To Net: NetName=NetJ6_2 Pin=R9-1
Added Net: Name=NetJ6_2
Added Pin To Net: NetName=NetJ7_2 Pin=J7-2
Added Pin To Net: NetName=NetJ7_2 Pin=R10-2
Added Net: Name=NetJ7_2
Added Pin To Net: NetName=NetJ11_1 Pin=J11-1
Added Pin To Net: NetName=NetJ11_1 Pin=Rel1-1
Added Net: Name=NetJ11_1
Added Pin To Net: NetName=NetJ12_1 Pin=J12-1
Added Pin To Net: NetName=NetJ12_1 Pin=R6-2
Added Pin To Net: NetName=NetJ12_1 Pin=U6-6
Added Net: Name=NetJ12_1
Added Pin To Net: NetName=NetJ12_2 Pin=J12-2
Added Pin To Net: NetName=NetJ12_2 Pin=R6-1
Added Pin To Net: NetName=NetJ12_2 Pin=U6-7
Added Net: Name=NetJ12_2
Added Pin To Net: NetName=NetP1_1 Pin=P1-1
Added Pin To Net: NetName=NetP1_1 Pin=U1-25
Added Net: Name=NetP1_1
Added Pin To Net: NetName=NetP1_3 Pin=P1-3
Added Pin To Net: NetName=NetP1_3 Pin=U1-27
Added Net: Name=NetP1_3
Added Pin To Net: NetName=NetP1_5 Pin=P1-5
Added Pin To Net: NetName=NetP1_5 Pin=U1-26
Added Net: Name=NetP1_5
Added Pin To Net: NetName=NetP1_9 Pin=P1-9
Added Pin To Net: NetName=NetP1_9 Pin=U1-28
Added Net: Name=NetP1_9
Added Pin To Net: NetName=NetQ1_1 Pin=Q1-1
Added Pin To Net: NetName=NetQ1_1 Pin=Rel1-4
Added Pin To Net: NetName=NetQ1_1 Pin=Rel1-4
Added Net: Name=NetQ1_1
Added Pin To Net: NetName=NetQ1_2 Pin=Q1-2
Added Pin To Net: NetName=NetQ1_2 Pin=R3-2
Added Net: Name=NetQ1_2
Added Pin To Net: NetName=NetR2_2 Pin=R2-2
Added Pin To Net: NetName=NetR2_2 Pin=Sw1-2
Added Pin To Net: NetName=NetR2_2 Pin=Sw1-2
Added Net: Name=NetR2_2
Added Pin To Net: NetName=NetR8_1 Pin=R8-1
Added Pin To Net: NetName=NetR8_1 Pin=U6-8
Added Net: Name=NetR8_1
Added Pin To Net: NetName=NetU1_10 Pin=U1-10
Added Pin To Net: NetName=NetU1_10 Pin=U7-3
Added Net: Name=NetU1_10
Added Pin To Net: NetName=NetU1_11 Pin=U1-11
Added Pin To Net: NetName=NetU1_11 Pin=U7-2
Added Net: Name=NetU1_11
Added Pin To Net: NetName=NetU1_21 Pin=U1-21
Added Pin To Net: NetName=NetU1_21 Pin=U3-25
Added Net: Name=NetU1_21
Added Pin To Net: NetName=NetU1_22 Pin=U1-22
Added Pin To Net: NetName=NetU1_22 Pin=U2-3
Added Pin To Net: NetName=NetU1_22 Pin=U3-24
Added Net: Name=NetU1_22
Added Pin To Net: NetName=NetU1_23 Pin=U1-23
Added Pin To Net: NetName=NetU1_23 Pin=U2-2
Added Pin To Net: NetName=NetU1_23 Pin=U3-23
Added Net: Name=NetU1_23
Added Pin To Net: NetName=NetU1_24 Pin=U1-24
Added Pin To Net: NetName=NetU1_24 Pin=U2-1
Added Net: Name=NetU1_24
Added Pin To Net: NetName=NetU1_30 Pin=U1-30
Added Pin To Net: NetName=NetU1_30 Pin=U4-11
Added Net: Name=NetU1_30
Added Pin To Net: NetName=NetU3_3 Pin=U3-3
Added Pin To Net: NetName=NetU3_3 Pin=U4-19
Added Net: Name=NetU3_3
Added Pin To Net: NetName=NetU3_4 Pin=U3-4
Added Pin To Net: NetName=NetU3_4 Pin=U4-18
Added Net: Name=NetU3_4
Added Pin To Net: NetName=NetU3_5 Pin=U3-5
Added Pin To Net: NetName=NetU3_5 Pin=U4-17
Added Net: Name=NetU3_5
Added Pin To Net: NetName=NetU3_6 Pin=U3-6
Added Pin To Net: NetName=NetU3_6 Pin=U4-16
Added Net: Name=NetU3_6
Added Pin To Net: NetName=NetU3_7 Pin=U3-7
Added Pin To Net: NetName=NetU3_7 Pin=U4-15
Added Net: Name=NetU3_7
Added Pin To Net: NetName=NetU3_8 Pin=U3-8
Added Pin To Net: NetName=NetU3_8 Pin=U4-14
Added Net: Name=NetU3_8
Added Pin To Net: NetName=NetU3_9 Pin=U3-9
Added Pin To Net: NetName=NetU3_9 Pin=U4-13
Added Net: Name=NetU3_9
Added Pin To Net: NetName=NetU3_10 Pin=U3-10
Added Pin To Net: NetName=NetU3_10 Pin=U4-12
Added Net: Name=NetU3_10
Added Pin To Net: NetName=NetU5_1 Pin=U5-1
Added Pin To Net: NetName=NetU5_1 Pin=U6-1
Added Net: Name=NetU5_1
Added Pin To Net: NetName=NetU5_2 Pin=U5-2
Added Pin To Net: NetName=NetU5_2 Pin=U6-4
Added Net: Name=NetU5_2
Added Pin To Net: NetName=OLED_CS Pin=J1-11
Added Pin To Net: NetName=OLED_CS Pin=U2-16
Added Net: Name=OLED_CS
Added Pin To Net: NetName=OLED_DC\ Pin=J1-12
Added Pin To Net: NetName=OLED_DC\ Pin=U2-17
Added Net: Name=OLED_DC\
Added Pin To Net: NetName=R\e\s\e\t\ Pin=C2-1
Added Pin To Net: NetName=R\e\s\e\t\ Pin=P1-6
Added Pin To Net: NetName=R\e\s\e\t\ Pin=R1-2
Added Pin To Net: NetName=R\e\s\e\t\ Pin=Sw1-1
Added Pin To Net: NetName=R\e\s\e\t\ Pin=Sw1-1
Added Pin To Net: NetName=R\e\s\e\t\ Pin=U1-9
Added Pin To Net: NetName=R\e\s\e\t\ Pin=U5-17
Added Net: Name=R\e\s\e\t\
Added Pin To Net: NetName=RdStrobe Pin=U1-17
Added Pin To Net: NetName=RdStrobe Pin=U3-22
Added Pin To Net: NetName=RdStrobe Pin=U8-1
Added Net: Name=RdStrobe
Added Pin To Net: NetName=SRAM_CS Pin=U2-19
Added Pin To Net: NetName=SRAM_CS Pin=U3-26
Added Net: Name=SRAM_CS
Added Pin To Net: NetName=WrStrobe Pin=J1-10
Added Pin To Net: NetName=WrStrobe Pin=U1-16
Added Pin To Net: NetName=WrStrobe Pin=U3-27
Added Pin To Net: NetName=WrStrobe Pin=U8-19
Added Net: Name=WrStrobe
Added Class: Name=ByggernBreadbord
